In file included from [01m[K/home/rishie/Documents/Semester-3/ENPM 700/Final Project/nav_guide_project/src/my_controller/src/main.cpp:24[m[K:
[01m[K/opt/ros/humble/include/tf2_geometry_msgs/tf2_geometry_msgs/tf2_geometry_msgs.h:35:2:[m[K [01;35m[Kwarning: [m[K#warning This header is obsolete, please include tf2_geometry_msgs/tf2_geometry_msgs.hpp instead [[01;35m[K]8;;https://gcc.gnu.org/onlinedocs/gcc/Warning-Options.html#index-Wcpp-Wcpp]8;;[m[K]
   35 | #[01;35m[Kwarning[m[K This header is obsolete, please include tf2_geometry_msgs/tf2_geometry_msgs.hpp instead
      |  [01;35m[K^~~~~~~[m[K
[01m[K/home/rishie/Documents/Semester-3/ENPM 700/Final Project/nav_guide_project/src/my_controller/src/main.cpp:283:3:[m[K [01;31m[Kerror: [m[Kâ€˜[01m[KEnvironment[m[Kâ€™ does not name a type
  283 |   [01;31m[KEnvironment[m[K* testenv;
      |   [01;31m[K^~~~~~~~~~~[m[K
[01m[K/home/rishie/Documents/Semester-3/ENPM 700/Final Project/nav_guide_project/src/my_controller/src/main.cpp:[m[K In constructor â€˜[01m[KRobotCommandPublisher::RobotCommandPublisher()[m[Kâ€™:
[01m[K/home/rishie/Documents/Semester-3/ENPM 700/Final Project/nav_guide_project/src/my_controller/src/main.cpp:50:5:[m[K [01;31m[Kerror: [m[Kâ€˜[01m[Ktestenv[m[Kâ€™ was not declared in this scope; did you mean â€˜[01m[Ksetenv[m[Kâ€™?
   50 |     [01;31m[Ktestenv[m[K = new Environment(4, 0.5, start_positions, goal_positions);
      |     [01;31m[K^~~~~~~[m[K
      |     [32m[Ksetenv[m[K
[01m[K/home/rishie/Documents/Semester-3/ENPM 700/Final Project/nav_guide_project/src/my_controller/src/main.cpp:50:19:[m[K [01;31m[Kerror: [m[Kexpected type-specifier before â€˜[01m[KEnvironment[m[Kâ€™
   50 |     testenv = new [01;31m[KEnvironment[m[K(4, 0.5, start_positions, goal_positions);
      |                   [01;31m[K^~~~~~~~~~~[m[K
[01m[K/home/rishie/Documents/Semester-3/ENPM 700/Final Project/nav_guide_project/src/my_controller/src/main.cpp:[m[K In member function â€˜[01m[Kvoid RobotCommandPublisher::timer_callback()[m[Kâ€™:
[01m[K/home/rishie/Documents/Semester-3/ENPM 700/Final Project/nav_guide_project/src/my_controller/src/main.cpp:165:7:[m[K [01;31m[Kerror: [m[Kâ€˜[01m[Ktestenv[m[Kâ€™ was not declared in this scope; did you mean â€˜[01m[Ksetenv[m[Kâ€™?
  165 |       [01;31m[Ktestenv[m[K->perform_iteration();
      |       [01;31m[K^~~~~~~[m[K
      |       [32m[Ksetenv[m[K
[01m[K/home/rishie/Documents/Semester-3/ENPM 700/Final Project/nav_guide_project/src/my_controller/src/main.cpp:170:9:[m[K [01;31m[Kerror: [m[Kâ€˜[01m[Ktestenv[m[Kâ€™ was not declared in this scope; did you mean â€˜[01m[Ksetenv[m[Kâ€™?
  170 |         [01;31m[Ktestenv[m[K->getSimAgentDesiredPositions();
      |         [01;31m[K^~~~~~~[m[K
      |         [32m[Ksetenv[m[K
gmake[2]: *** [CMakeFiles/robot_commander.dir/build.make:76: CMakeFiles/robot_commander.dir/src/main.cpp.o] Error 1
gmake[1]: *** [CMakeFiles/Makefile2:212: CMakeFiles/robot_commander.dir/all] Error 2
gmake[1]: *** Waiting for unfinished jobs....
gmake: *** [Makefile:146: all] Error 2
