[0.009s] Invoking command in '/home/rishie/Documents/Semester-3/ENPM 700/Final Project/nav_guide_project/build/my_controller': CMAKE_PREFIX_PATH=/opt/ros/humble LD_LIBRARY_PATH=/home/rishie/Documents/Semester-3/ENPM 700/Final Project/nav_guide_project/install/my_model/lib:${LD_LIBRARY_PATH} PATH=/home/rishie/Documents/Semester-3/ENPM 700/Final Project/nav_guide_project/install/my_model/bin:${PATH} PS1=\n\t \[\033[32m\]\w\[\033[33m\]$(GIT_PS1_SHOWUNTRACKEDFILES=1 GIT_PS1_SHOWDIRTYSTATE=1 __git_ps1)\[\033[00m\] $ /usr/bin/cmake --build /home/rishie/Documents/Semester-3/ENPM 700/Final Project/nav_guide_project/build/my_controller -- -j16 -l16
[0.054s] [35m[1mConsolidate compiler generated dependencies of target gtest_main[0m
[0.055s] [35m[1mConsolidate compiler generated dependencies of target gtest[0m
[0.065s] [ 12%] [32mBuilding CXX object CMakeFiles/robot_commander.dir/src/main.cpp.o[0m
[0.069s] [ 37%] Built target gtest_main
[0.070s] [ 62%] Built target gtest
[0.091s] [ 75%] [32mBuilding CXX object CMakeFiles/my_controller_test.dir/test/test.cpp.o[0m
[0.264s] In file included from [01m[K/home/rishie/Documents/Semester-3/ENPM 700/Final Project/nav_guide_project/src/my_controller/src/main.cpp:24[m[K:
[0.264s] [01m[K/opt/ros/humble/include/tf2_geometry_msgs/tf2_geometry_msgs/tf2_geometry_msgs.h:35:2:[m[K [01;35m[Kwarning: [m[K#warning This header is obsolete, please include tf2_geometry_msgs/tf2_geometry_msgs.hpp instead [[01;35m[K]8;;https://gcc.gnu.org/onlinedocs/gcc/Warning-Options.html#index-Wcpp-Wcpp]8;;[m[K]
[0.264s]    35 | #[01;35m[Kwarning[m[K This header is obsolete, please include tf2_geometry_msgs/tf2_geometry_msgs.hpp instead
[0.264s]       |  [01;35m[K^~~~~~~[m[K
[2.063s] [01m[K/home/rishie/Documents/Semester-3/ENPM 700/Final Project/nav_guide_project/src/my_controller/src/main.cpp:283:3:[m[K [01;31m[Kerror: [m[Kâ€˜[01m[KEnvironment[m[Kâ€™ does not name a type
[2.063s]   283 |   [01;31m[KEnvironment[m[K* testenv;
[2.064s]       |   [01;31m[K^~~~~~~~~~~[m[K
[2.105s] [01m[K/home/rishie/Documents/Semester-3/ENPM 700/Final Project/nav_guide_project/src/my_controller/src/main.cpp:[m[K In constructor â€˜[01m[KRobotCommandPublisher::RobotCommandPublisher()[m[Kâ€™:
[2.105s] [01m[K/home/rishie/Documents/Semester-3/ENPM 700/Final Project/nav_guide_project/src/my_controller/src/main.cpp:50:5:[m[K [01;31m[Kerror: [m[Kâ€˜[01m[Ktestenv[m[Kâ€™ was not declared in this scope; did you mean â€˜[01m[Ksetenv[m[Kâ€™?
[2.105s]    50 |     [01;31m[Ktestenv[m[K = new Environment(4, 0.5, start_positions, goal_positions);
[2.105s]       |     [01;31m[K^~~~~~~[m[K
[2.105s]       |     [32m[Ksetenv[m[K
[2.105s] [01m[K/home/rishie/Documents/Semester-3/ENPM 700/Final Project/nav_guide_project/src/my_controller/src/main.cpp:50:19:[m[K [01;31m[Kerror: [m[Kexpected type-specifier before â€˜[01m[KEnvironment[m[Kâ€™
[2.105s]    50 |     testenv = new [01;31m[KEnvironment[m[K(4, 0.5, start_positions, goal_positions);
[2.105s]       |                   [01;31m[K^~~~~~~~~~~[m[K
[2.127s] [01m[K/home/rishie/Documents/Semester-3/ENPM 700/Final Project/nav_guide_project/src/my_controller/src/main.cpp:[m[K In member function â€˜[01m[Kvoid RobotCommandPublisher::timer_callback()[m[Kâ€™:
[2.127s] [01m[K/home/rishie/Documents/Semester-3/ENPM 700/Final Project/nav_guide_project/src/my_controller/src/main.cpp:165:7:[m[K [01;31m[Kerror: [m[Kâ€˜[01m[Ktestenv[m[Kâ€™ was not declared in this scope; did you mean â€˜[01m[Ksetenv[m[Kâ€™?
[2.127s]   165 |       [01;31m[Ktestenv[m[K->perform_iteration();
[2.127s]       |       [01;31m[K^~~~~~~[m[K
[2.127s]       |       [32m[Ksetenv[m[K
[2.131s] [01m[K/home/rishie/Documents/Semester-3/ENPM 700/Final Project/nav_guide_project/src/my_controller/src/main.cpp:170:9:[m[K [01;31m[Kerror: [m[Kâ€˜[01m[Ktestenv[m[Kâ€™ was not declared in this scope; did you mean â€˜[01m[Ksetenv[m[Kâ€™?
[2.131s]   170 |         [01;31m[Ktestenv[m[K->getSimAgentDesiredPositions();
[2.131s]       |         [01;31m[K^~~~~~~[m[K
[2.131s]       |         [32m[Ksetenv[m[K
[4.117s] gmake[2]: *** [CMakeFiles/robot_commander.dir/build.make:76: CMakeFiles/robot_commander.dir/src/main.cpp.o] Error 1
[4.117s] gmake[1]: *** [CMakeFiles/Makefile2:212: CMakeFiles/robot_commander.dir/all] Error 2
[4.117s] gmake[1]: *** Waiting for unfinished jobs....
[7.424s] [ 87%] [32m[1mLinking CXX executable my_controller_test[0m
[8.159s] [ 87%] Built target my_controller_test
[8.161s] gmake: *** [Makefile:146: all] Error 2
[8.164s] Invoked command in '/home/rishie/Documents/Semester-3/ENPM 700/Final Project/nav_guide_project/build/my_controller' returned '2': CMAKE_PREFIX_PATH=/opt/ros/humble LD_LIBRARY_PATH=/home/rishie/Documents/Semester-3/ENPM 700/Final Project/nav_guide_project/install/my_model/lib:${LD_LIBRARY_PATH} PATH=/home/rishie/Documents/Semester-3/ENPM 700/Final Project/nav_guide_project/install/my_model/bin:${PATH} PS1=\n\t \[\033[32m\]\w\[\033[33m\]$(GIT_PS1_SHOWUNTRACKEDFILES=1 GIT_PS1_SHOWDIRTYSTATE=1 __git_ps1)\[\033[00m\] $ /usr/bin/cmake --build /home/rishie/Documents/Semester-3/ENPM 700/Final Project/nav_guide_project/build/my_controller -- -j16 -l16
