[01m[K/home/rishie/Documents/Semester-3/ENPM 700/Final Project/nav_guide_project/src/my_controller/src/main.cpp:283:3:[m[K [01;31m[Kerror: [m[Kâ€˜[01m[KEnvironment[m[Kâ€™ does not name a type
  283 |   [01;31m[KEnvironment[m[K* testenv;
      |   [01;31m[K^~~~~~~~~~~[m[K
[01m[K/home/rishie/Documents/Semester-3/ENPM 700/Final Project/nav_guide_project/src/my_controller/src/main.cpp:[m[K In constructor â€˜[01m[KRobotCommandPublisher::RobotCommandPublisher()[m[Kâ€™:
[01m[K/home/rishie/Documents/Semester-3/ENPM 700/Final Project/nav_guide_project/src/my_controller/src/main.cpp:50:5:[m[K [01;31m[Kerror: [m[Kâ€˜[01m[Ktestenv[m[Kâ€™ was not declared in this scope; did you mean â€˜[01m[Ksetenv[m[Kâ€™?
   50 |     [01;31m[Ktestenv[m[K = new Workspace(4, 0.5, start_positions, goal_positions);
      |     [01;31m[K^~~~~~~[m[K
      |     [32m[Ksetenv[m[K
[01m[K/home/rishie/Documents/Semester-3/ENPM 700/Final Project/nav_guide_project/src/my_controller/src/main.cpp:[m[K In member function â€˜[01m[Kvoid RobotCommandPublisher::timer_callback()[m[Kâ€™:
[01m[K/home/rishie/Documents/Semester-3/ENPM 700/Final Project/nav_guide_project/src/my_controller/src/main.cpp:165:7:[m[K [01;31m[Kerror: [m[Kâ€˜[01m[Ktestenv[m[Kâ€™ was not declared in this scope; did you mean â€˜[01m[Ksetenv[m[Kâ€™?
  165 |       [01;31m[Ktestenv[m[K->perform_iteration();
      |       [01;31m[K^~~~~~~[m[K
      |       [32m[Ksetenv[m[K
[01m[K/home/rishie/Documents/Semester-3/ENPM 700/Final Project/nav_guide_project/src/my_controller/src/main.cpp:170:9:[m[K [01;31m[Kerror: [m[Kâ€˜[01m[Ktestenv[m[Kâ€™ was not declared in this scope; did you mean â€˜[01m[Ksetenv[m[Kâ€™?
  170 |         [01;31m[Ktestenv[m[K->getSimAgentDesiredPositions();
      |         [01;31m[K^~~~~~~[m[K
      |         [32m[Ksetenv[m[K
gmake[2]: *** [CMakeFiles/robot_commander.dir/build.make:76: CMakeFiles/robot_commander.dir/src/main.cpp.o] Error 1
gmake[1]: *** [CMakeFiles/Makefile2:212: CMakeFiles/robot_commander.dir/all] Error 2
gmake: *** [Makefile:146: all] Error 2
