[0.010s] Invoking command in '/home/rishie/Documents/Semester-3/ENPM 700/Final Project/nav_guide_project/build/my_controller': CMAKE_PREFIX_PATH=/opt/ros/humble LD_LIBRARY_PATH=/home/rishie/Documents/Semester-3/ENPM 700/Final Project/nav_guide_project/install/my_model/lib:${LD_LIBRARY_PATH} PATH=/home/rishie/Documents/Semester-3/ENPM 700/Final Project/nav_guide_project/install/my_model/bin:${PATH} PS1=\n\t \[\033[32m\]\w\[\033[33m\]$(GIT_PS1_SHOWUNTRACKEDFILES=1 GIT_PS1_SHOWDIRTYSTATE=1 __git_ps1)\[\033[00m\] $ /usr/bin/cmake --build /home/rishie/Documents/Semester-3/ENPM 700/Final Project/nav_guide_project/build/my_controller -- -j16 -l16
[0.056s] [35m[1mConsolidate compiler generated dependencies of target robot_commander[0m
[0.068s] [ 50%] Built target gtest
[0.068s] [ 50%] Built target gtest_main
[0.078s] [ 62%] [32mBuilding CXX object CMakeFiles/robot_commander.dir/src/main.cpp.o[0m
[0.080s] [35m[1mConsolidate compiler generated dependencies of target my_controller_test[0m
[0.100s] [ 87%] Built target my_controller_test
[2.070s] [01m[K/home/rishie/Documents/Semester-3/ENPM 700/Final Project/nav_guide_project/src/my_controller/src/main.cpp:283:3:[m[K [01;31m[Kerror: [m[Kâ€˜[01m[KEnvironment[m[Kâ€™ does not name a type
[2.071s]   283 |   [01;31m[KEnvironment[m[K* testenv;
[2.071s]       |   [01;31m[K^~~~~~~~~~~[m[K
[2.111s] [01m[K/home/rishie/Documents/Semester-3/ENPM 700/Final Project/nav_guide_project/src/my_controller/src/main.cpp:[m[K In constructor â€˜[01m[KRobotCommandPublisher::RobotCommandPublisher()[m[Kâ€™:
[2.111s] [01m[K/home/rishie/Documents/Semester-3/ENPM 700/Final Project/nav_guide_project/src/my_controller/src/main.cpp:50:5:[m[K [01;31m[Kerror: [m[Kâ€˜[01m[Ktestenv[m[Kâ€™ was not declared in this scope; did you mean â€˜[01m[Ksetenv[m[Kâ€™?
[2.111s]    50 |     [01;31m[Ktestenv[m[K = new Workspace(4, 0.5, start_positions, goal_positions);
[2.111s]       |     [01;31m[K^~~~~~~[m[K
[2.112s]       |     [32m[Ksetenv[m[K
[2.133s] [01m[K/home/rishie/Documents/Semester-3/ENPM 700/Final Project/nav_guide_project/src/my_controller/src/main.cpp:[m[K In member function â€˜[01m[Kvoid RobotCommandPublisher::timer_callback()[m[Kâ€™:
[2.134s] [01m[K/home/rishie/Documents/Semester-3/ENPM 700/Final Project/nav_guide_project/src/my_controller/src/main.cpp:165:7:[m[K [01;31m[Kerror: [m[Kâ€˜[01m[Ktestenv[m[Kâ€™ was not declared in this scope; did you mean â€˜[01m[Ksetenv[m[Kâ€™?
[2.134s]   165 |       [01;31m[Ktestenv[m[K->perform_iteration();
[2.134s]       |       [01;31m[K^~~~~~~[m[K
[2.134s]       |       [32m[Ksetenv[m[K
[2.138s] [01m[K/home/rishie/Documents/Semester-3/ENPM 700/Final Project/nav_guide_project/src/my_controller/src/main.cpp:170:9:[m[K [01;31m[Kerror: [m[Kâ€˜[01m[Ktestenv[m[Kâ€™ was not declared in this scope; did you mean â€˜[01m[Ksetenv[m[Kâ€™?
[2.138s]   170 |         [01;31m[Ktestenv[m[K->getSimAgentDesiredPositions();
[2.138s]       |         [01;31m[K^~~~~~~[m[K
[2.138s]       |         [32m[Ksetenv[m[K
[4.129s] gmake[2]: *** [CMakeFiles/robot_commander.dir/build.make:76: CMakeFiles/robot_commander.dir/src/main.cpp.o] Error 1
[4.129s] gmake[1]: *** [CMakeFiles/Makefile2:212: CMakeFiles/robot_commander.dir/all] Error 2
[4.129s] gmake: *** [Makefile:146: all] Error 2
[4.132s] Invoked command in '/home/rishie/Documents/Semester-3/ENPM 700/Final Project/nav_guide_project/build/my_controller' returned '2': CMAKE_PREFIX_PATH=/opt/ros/humble LD_LIBRARY_PATH=/home/rishie/Documents/Semester-3/ENPM 700/Final Project/nav_guide_project/install/my_model/lib:${LD_LIBRARY_PATH} PATH=/home/rishie/Documents/Semester-3/ENPM 700/Final Project/nav_guide_project/install/my_model/bin:${PATH} PS1=\n\t \[\033[32m\]\w\[\033[33m\]$(GIT_PS1_SHOWUNTRACKEDFILES=1 GIT_PS1_SHOWDIRTYSTATE=1 __git_ps1)\[\033[00m\] $ /usr/bin/cmake --build /home/rishie/Documents/Semester-3/ENPM 700/Final Project/nav_guide_project/build/my_controller -- -j16 -l16
