[0.009s] Invoking command in '/home/rishie/Documents/Semester-3/ENPM 700/Final Project/nav_guide_project/build/my_controller': CMAKE_PREFIX_PATH=/opt/ros/humble LD_LIBRARY_PATH=/home/rishie/Documents/Semester-3/ENPM 700/Final Project/nav_guide_project/install/my_model/lib:${LD_LIBRARY_PATH} PATH=/home/rishie/Documents/Semester-3/ENPM 700/Final Project/nav_guide_project/install/my_model/bin:${PATH} PS1=\n\t \[\033[32m\]\w\[\033[33m\]$(GIT_PS1_SHOWUNTRACKEDFILES=1 GIT_PS1_SHOWDIRTYSTATE=1 __git_ps1)\[\033[00m\] $ /usr/bin/cmake /home/rishie/Documents/Semester-3/ENPM 700/Final Project/nav_guide_project/src/my_controller -DCMAKE_INSTALL_PREFIX=/home/rishie/Documents/Semester-3/ENPM 700/Final Project/nav_guide_project/install/my_controller
[0.065s] -- The C compiler identification is GNU 11.4.0
[0.119s] -- The CXX compiler identification is GNU 11.4.0
[0.127s] -- Detecting C compiler ABI info
[0.198s] -- Detecting C compiler ABI info - done
[0.204s] -- Check for working C compiler: /usr/bin/cc - skipped
[0.204s] -- Detecting C compile features
[0.204s] -- Detecting C compile features - done
[0.207s] -- Detecting CXX compiler ABI info
[0.289s] -- Detecting CXX compiler ABI info - done
[0.295s] -- Check for working CXX compiler: /usr/bin/c++ - skipped
[0.295s] -- Detecting CXX compile features
[0.296s] -- Detecting CXX compile features - done
[0.298s] -- Found ament_cmake: 1.3.10 (/opt/ros/humble/share/ament_cmake/cmake)
[0.431s] -- Found Python3: /usr/bin/python3 (found version "3.10.12") found components: Interpreter 
[0.509s] -- Found rclcpp: 16.0.10 (/opt/ros/humble/share/rclcpp/cmake)
[0.548s] -- Found rosidl_generator_c: 3.1.5 (/opt/ros/humble/share/rosidl_generator_c/cmake)
[0.553s] -- Found rosidl_adapter: 3.1.5 (/opt/ros/humble/share/rosidl_adapter/cmake)
[0.561s] -- Found rosidl_generator_cpp: 3.1.5 (/opt/ros/humble/share/rosidl_generator_cpp/cmake)
[0.571s] -- Using all available rosidl_typesupport_c: rosidl_typesupport_fastrtps_c;rosidl_typesupport_introspection_c
[0.586s] -- Using all available rosidl_typesupport_cpp: rosidl_typesupport_fastrtps_cpp;rosidl_typesupport_introspection_cpp
[0.624s] -- Found rmw_implementation_cmake: 6.1.2 (/opt/ros/humble/share/rmw_implementation_cmake/cmake)
[0.627s] -- Found rmw_fastrtps_cpp: 6.2.7 (/opt/ros/humble/share/rmw_fastrtps_cpp/cmake)
[0.748s] -- Found OpenSSL: /usr/lib/x86_64-linux-gnu/libcrypto.so (found version "3.0.2")  
[0.778s] -- Found FastRTPS: /opt/ros/humble/include  
[0.823s] -- Using RMW implementation 'rmw_fastrtps_cpp' as default
[0.832s] -- Looking for pthread.h
[0.906s] -- Looking for pthread.h - found
[0.907s] -- Performing Test CMAKE_HAVE_LIBC_PTHREAD
[0.983s] -- Performing Test CMAKE_HAVE_LIBC_PTHREAD - Success
[0.984s] -- Found Threads: TRUE  
[1.030s] -- Found geometry_msgs: 4.2.4 (/opt/ros/humble/share/geometry_msgs/cmake)
[1.049s] -- Found nav_msgs: 4.2.4 (/opt/ros/humble/share/nav_msgs/cmake)
[1.069s] -- Found tf2: 0.25.8 (/opt/ros/humble/share/tf2/cmake)
[1.084s] -- Found tf2_geometry_msgs: 0.25.8 (/opt/ros/humble/share/tf2_geometry_msgs/cmake)
[1.104s] -- Found eigen3_cmake_module: 0.1.1 (/opt/ros/humble/share/eigen3_cmake_module/cmake)
[1.106s] -- Found Eigen3: TRUE (found version "3.4.0") 
[1.106s] -- Ensuring Eigen3 include directory is part of orocos-kdl CMake target
[1.245s] -- Found Doxygen: /usr/bin/doxygen (found version "1.9.1") found components: doxygen dot 
[1.294s] -- Found ament_cmake_gtest: 1.3.10 (/opt/ros/humble/share/ament_cmake_gtest/cmake)
[1.298s] -- Found gtest sources under '/opt/ros/humble/src/gtest_vendor': C++ tests using 'Google Test' will be built
[1.377s] -- Configuring done
[1.420s] -- Generating done
[1.428s] -- Build files have been written to: /home/rishie/Documents/Semester-3/ENPM 700/Final Project/nav_guide_project/build/my_controller
[1.440s] Invoked command in '/home/rishie/Documents/Semester-3/ENPM 700/Final Project/nav_guide_project/build/my_controller' returned '0': CMAKE_PREFIX_PATH=/opt/ros/humble LD_LIBRARY_PATH=/home/rishie/Documents/Semester-3/ENPM 700/Final Project/nav_guide_project/install/my_model/lib:${LD_LIBRARY_PATH} PATH=/home/rishie/Documents/Semester-3/ENPM 700/Final Project/nav_guide_project/install/my_model/bin:${PATH} PS1=\n\t \[\033[32m\]\w\[\033[33m\]$(GIT_PS1_SHOWUNTRACKEDFILES=1 GIT_PS1_SHOWDIRTYSTATE=1 __git_ps1)\[\033[00m\] $ /usr/bin/cmake /home/rishie/Documents/Semester-3/ENPM 700/Final Project/nav_guide_project/src/my_controller -DCMAKE_INSTALL_PREFIX=/home/rishie/Documents/Semester-3/ENPM 700/Final Project/nav_guide_project/install/my_controller
[1.441s] Invoking command in '/home/rishie/Documents/Semester-3/ENPM 700/Final Project/nav_guide_project/build/my_controller': CMAKE_PREFIX_PATH=/opt/ros/humble LD_LIBRARY_PATH=/home/rishie/Documents/Semester-3/ENPM 700/Final Project/nav_guide_project/install/my_model/lib:${LD_LIBRARY_PATH} PATH=/home/rishie/Documents/Semester-3/ENPM 700/Final Project/nav_guide_project/install/my_model/bin:${PATH} PS1=\n\t \[\033[32m\]\w\[\033[33m\]$(GIT_PS1_SHOWUNTRACKEDFILES=1 GIT_PS1_SHOWDIRTYSTATE=1 __git_ps1)\[\033[00m\] $ /usr/bin/cmake --build /home/rishie/Documents/Semester-3/ENPM 700/Final Project/nav_guide_project/build/my_controller -- -j16 -l16
[1.495s] [ 12%] [32mBuilding CXX object gtest/CMakeFiles/gtest_main.dir/src/gtest_main.cc.o[0m
[1.497s] [ 25%] [32mBuilding CXX object CMakeFiles/robot_commander.dir/src/main.cpp.o[0m
[1.498s] [ 37%] [32mBuilding CXX object gtest/CMakeFiles/gtest.dir/src/gtest-all.cc.o[0m
[1.726s] In file included from [01m[K/home/rishie/Documents/Semester-3/ENPM 700/Final Project/nav_guide_project/src/my_controller/src/main.cpp:24[m[K:
[1.726s] [01m[K/opt/ros/humble/include/tf2_geometry_msgs/tf2_geometry_msgs/tf2_geometry_msgs.h:35:2:[m[K [01;35m[Kwarning: [m[K#warning This header is obsolete, please include tf2_geometry_msgs/tf2_geometry_msgs.hpp instead [[01;35m[K]8;;https://gcc.gnu.org/onlinedocs/gcc/Warning-Options.html#index-Wcpp-Wcpp]8;;[m[K]
[1.726s]    35 | #[01;35m[Kwarning[m[K This header is obsolete, please include tf2_geometry_msgs/tf2_geometry_msgs.hpp instead
[1.726s]       |  [01;35m[K^~~~~~~[m[K
[1.874s] [01m[K/home/rishie/Documents/Semester-3/ENPM 700/Final Project/nav_guide_project/src/my_controller/src/main.cpp:28:10:[m[K [01;31m[Kfatal error: [m[KEnvironmentHeader.hpp: No such file or directory
[1.874s]    28 | #include [01;31m[K"EnvironmentHeader.hpp"[m[K
[1.874s]       |          [01;31m[K^~~~~~~~~~~~~~~~~~~~~~~[m[K
[1.874s] compilation terminated.
[1.878s] gmake[2]: *** [CMakeFiles/robot_commander.dir/build.make:76: CMakeFiles/robot_commander.dir/src/main.cpp.o] Error 1
[1.879s] gmake[1]: *** [CMakeFiles/Makefile2:212: CMakeFiles/robot_commander.dir/all] Error 2
[1.879s] gmake[1]: *** Waiting for unfinished jobs....
[2.210s] [ 50%] [32m[1mLinking CXX static library libgtest_main.a[0m
[2.277s] [ 50%] Built target gtest_main
[3.941s] [ 62%] [32m[1mLinking CXX static library libgtest.a[0m
[4.032s] [ 62%] Built target gtest
[4.034s] gmake: *** [Makefile:146: all] Error 2
[4.036s] Invoked command in '/home/rishie/Documents/Semester-3/ENPM 700/Final Project/nav_guide_project/build/my_controller' returned '2': CMAKE_PREFIX_PATH=/opt/ros/humble LD_LIBRARY_PATH=/home/rishie/Documents/Semester-3/ENPM 700/Final Project/nav_guide_project/install/my_model/lib:${LD_LIBRARY_PATH} PATH=/home/rishie/Documents/Semester-3/ENPM 700/Final Project/nav_guide_project/install/my_model/bin:${PATH} PS1=\n\t \[\033[32m\]\w\[\033[33m\]$(GIT_PS1_SHOWUNTRACKEDFILES=1 GIT_PS1_SHOWDIRTYSTATE=1 __git_ps1)\[\033[00m\] $ /usr/bin/cmake --build /home/rishie/Documents/Semester-3/ENPM 700/Final Project/nav_guide_project/build/my_controller -- -j16 -l16
